Build started
+ /explore/scientific-domains/biomedical/
+ /explore/learning-paths/
+ /all-training/
+ /all-training/ai-hpc/
+ /explore/scientific-domains/computational-science/
+ /all-training/r-hpc/
+ /explore/learning-paths/bioinformatics/
+ /explore/tags/workflow-automation/
+ /explore/
+ /explore/scientific-domains/statistics/
+ /all-training/code-review-ci-hpc/
+ /external-resources/
+ /all-training/environment-management/
+ /all-training/old-course/
+ /explore/scientific-domains/bioinformatics/
+ /faq/
+ /explore/tags/gpu/
+ /all-training/singularity-workshop/
+ /explore/learning-paths/data-science/
+ /explore/scientific-domains/big-data/
+ /all-training/mpi-intro/
+ /all-training/job-arrays/
+ /all-training/openmp-intro/
+ /all-training/python-debugging/
+ /all-training/paraview/
+ /explore/scientific-domains/data-science/
+ /all-training/data-retention/
+ /all-training/gpu-python/
+ /all-training/julia-hpc/
+ /contact-us/
+ /all-training/workflow-management/
+ /explore/scientific-domains/ai/
+ /explore/scientific-domains/computational-biology/
+ /explore/scientific-domains/social-sciences/
+ /explore/bundles/data-science-bootcamp-week/
+ /explore/scientific-domains/clinical-research/
+ /explore/scientific-domains/general-hpc/
+ /explore/bundles/intro-hpc-week/
+ /explore/scientific-domains/machine-learning/
+ /all-training/intro/
+ /explore/tags/other/
+ /all-training/programming-formalisms/
+ /all-training/python-hpc/
+ /all-training/cloud-hpc/
+ /all-training/debugging-profiling-clinic/
+ /all-training/gpu-nodes/
+ /all-training/performance-external/
+ /explore/learning-paths/developer/
+ /explore/tags/
+ /all-training/bianca-sensitive-data/
+ /explore/scientific-domains/climate-science/
+ /explore/tags/software-development/
+ /explore/learning-paths/beginner/
+ /events/past-events/
+ /all-training/eigen-cpp/
+ /all-training/data-management-large/
+ /all-training/filesystems-storage/
+ /explore/bundles/developer-bootcamp-week/
+ /all-training/git-version-control/
+ /all-training/naiss-intro/
+ /explore/tags/hpc-infrastructure/
+ /all-training/parallel-python-mpi/
+ /events/upcoming/
+ /explore/scientific-domains/
+ /all-training/python-hpc-intro/
+ /explore/scientific-domains/computational-chemistry/
+ /explore/learning-paths/sensitive-data/
+ /explore/tags/security-sensitive-data/
+ /all-training/file-transfer-201/
+ /explore/scientific-domains/computational-physics/
+ /explore/tags/foundations-levels/
+ /explore/tags/parallel-performance/
+ /all-training/performance-tuning/
+ /explore/scientific-domains/genomics/
+ /events/
+ /explore/tags/data-ai/
+ /explore/scientific-domains/engineering/
+ /home/
+ /all-training/openmp-external/
+ /all-training/hybrid-mpi-openmp/
+ /explore/tags/domains-visualization/
+ /explore/bundles/
Build finished in 0.21s
